{"/home/khalipa/Desktop/PLP_MERN/week6/week-6-test-debug-assignment-Khalipa-B/server/app.js": {"path":"/home/khalipa/Desktop/PLP_MERN/week6/week-6-test-debug-assignment-Khalipa-B/server/app.js","statementMap":{"0":{"start":{"line":1,"column":16},"end":{"line":1,"column":34}},"1":{"start":{"line":2,"column":12},"end":{"line":2,"column":21}},"2":{"start":{"line":4,"column":0},"end":{"line":4,"column":21}}},"fnMap":{},"branchMap":{},"s":{"0":1,"1":1,"2":1},"f":{},"b":{},"_coverageSchema":"1a1c01bbd47fc00a2c39e90264f33305004495a9","hash":"a638b0ec3a9e61d1a985078ef9b4d24bcca3c17f"}
,"/home/khalipa/Desktop/PLP_MERN/week6/week-6-test-debug-assignment-Khalipa-B/server/jest.config.js": {"path":"/home/khalipa/Desktop/PLP_MERN/week6/week-6-test-debug-assignment-Khalipa-B/server/jest.config.js","statementMap":{"0":{"start":{"line":1,"column":0},"end":{"line":14,"column":2}}},"fnMap":{},"branchMap":{},"s":{"0":0},"f":{},"b":{}}
,"/home/khalipa/Desktop/PLP_MERN/week6/week-6-test-debug-assignment-Khalipa-B/server/server.js": {"path":"/home/khalipa/Desktop/PLP_MERN/week6/week-6-test-debug-assignment-Khalipa-B/server/server.js","statementMap":{"0":{"start":{"line":1,"column":16},"end":{"line":1,"column":34}},"1":{"start":{"line":2,"column":17},"end":{"line":2,"column":36}},"2":{"start":{"line":3,"column":13},"end":{"line":3,"column":28}},"3":{"start":{"line":4,"column":18},"end":{"line":4,"column":47}},"4":{"start":{"line":5,"column":0},"end":{"line":5,"column":27}},"5":{"start":{"line":7,"column":18},"end":{"line":7,"column":47}},"6":{"start":{"line":8,"column":21},"end":{"line":8,"column":57}},"7":{"start":{"line":9,"column":15},"end":{"line":9,"column":45}},"8":{"start":{"line":11,"column":12},"end":{"line":11,"column":21}},"9":{"start":{"line":12,"column":13},"end":{"line":12,"column":37}},"10":{"start":{"line":15,"column":16},"end":{"line":18,"column":2}},"11":{"start":{"line":21,"column":0},"end":{"line":21,"column":17}},"12":{"start":{"line":22,"column":0},"end":{"line":22,"column":16}},"13":{"start":{"line":23,"column":0},"end":{"line":23,"column":41}},"14":{"start":{"line":24,"column":0},"end":{"line":24,"column":16}},"15":{"start":{"line":27,"column":0},"end":{"line":27,"column":32}},"16":{"start":{"line":30,"column":0},"end":{"line":32,"column":3}},"17":{"start":{"line":31,"column":2},"end":{"line":31,"column":78}},"18":{"start":{"line":35,"column":0},"end":{"line":35,"column":22}},"19":{"start":{"line":38,"column":18},"end":{"line":52,"column":1}},"20":{"start":{"line":39,"column":2},"end":{"line":51,"column":3}},"21":{"start":{"line":40,"column":17},"end":{"line":46,"column":5}},"22":{"start":{"line":47,"column":4},"end":{"line":47,"column":62}},"23":{"start":{"line":49,"column":4},"end":{"line":49,"column":64}},"24":{"start":{"line":50,"column":4},"end":{"line":50,"column":20}},"25":{"start":{"line":55,"column":0},"end":{"line":61,"column":1}},"26":{"start":{"line":56,"column":2},"end":{"line":60,"column":5}},"27":{"start":{"line":57,"column":4},"end":{"line":59,"column":7}},"28":{"start":{"line":58,"column":6},"end":{"line":58,"column":52}},"29":{"start":{"line":63,"column":0},"end":{"line":63,"column":21}}},"fnMap":{"0":{"name":"(anonymous_0)","decl":{"start":{"line":30,"column":19},"end":{"line":30,"column":20}},"loc":{"start":{"line":30,"column":33},"end":{"line":32,"column":1}},"line":30},"1":{"name":"(anonymous_1)","decl":{"start":{"line":38,"column":18},"end":{"line":38,"column":19}},"loc":{"start":{"line":38,"column":30},"end":{"line":52,"column":1}},"line":38},"2":{"name":"(anonymous_2)","decl":{"start":{"line":56,"column":19},"end":{"line":56,"column":20}},"loc":{"start":{"line":56,"column":25},"end":{"line":60,"column":3}},"line":56},"3":{"name":"(anonymous_3)","decl":{"start":{"line":57,"column":21},"end":{"line":57,"column":22}},"loc":{"start":{"line":57,"column":27},"end":{"line":59,"column":5}},"line":57}},"branchMap":{"0":{"loc":{"start":{"line":12,"column":13},"end":{"line":12,"column":37}},"type":"binary-expr","locations":[{"start":{"line":12,"column":13},"end":{"line":12,"column":29}},{"start":{"line":12,"column":33},"end":{"line":12,"column":37}}],"line":12},"1":{"loc":{"start":{"line":41,"column":6},"end":{"line":41,"column":71}},"type":"binary-expr","locations":[{"start":{"line":41,"column":6},"end":{"line":41,"column":29}},{"start":{"line":41,"column":33},"end":{"line":41,"column":71}}],"line":41},"2":{"loc":{"start":{"line":55,"column":0},"end":{"line":61,"column":1}},"type":"if","locations":[{"start":{"line":55,"column":0},"end":{"line":61,"column":1}},{"start":{},"end":{}}],"line":55}},"s":{"0":1,"1":1,"2":1,"3":1,"4":1,"5":1,"6":1,"7":1,"8":1,"9":1,"10":1,"11":1,"12":1,"13":1,"14":1,"15":1,"16":1,"17":0,"18":1,"19":1,"20":0,"21":0,"22":0,"23":0,"24":0,"25":1,"26":0,"27":0,"28":0,"29":1},"f":{"0":0,"1":0,"2":0,"3":0},"b":{"0":[1,0],"1":[0,0],"2":[0,1]},"_coverageSchema":"1a1c01bbd47fc00a2c39e90264f33305004495a9","hash":"548beff12683b5a3c2ecf2d824308daa116a420e"}
,"/home/khalipa/Desktop/PLP_MERN/week6/week-6-test-debug-assignment-Khalipa-B/server/config/db.js": {"path":"/home/khalipa/Desktop/PLP_MERN/week6/week-6-test-debug-assignment-Khalipa-B/server/config/db.js","statementMap":{"0":{"start":{"line":1,"column":17},"end":{"line":1,"column":36}},"1":{"start":{"line":3,"column":18},"end":{"line":11,"column":1}},"2":{"start":{"line":4,"column":2},"end":{"line":10,"column":3}},"3":{"start":{"line":5,"column":17},"end":{"line":5,"column":62}},"4":{"start":{"line":6,"column":4},"end":{"line":6,"column":62}},"5":{"start":{"line":8,"column":4},"end":{"line":8,"column":63}},"6":{"start":{"line":9,"column":4},"end":{"line":9,"column":20}},"7":{"start":{"line":13,"column":0},"end":{"line":13,"column":27}}},"fnMap":{"0":{"name":"(anonymous_0)","decl":{"start":{"line":3,"column":18},"end":{"line":3,"column":19}},"loc":{"start":{"line":3,"column":30},"end":{"line":11,"column":1}},"line":3}},"branchMap":{},"s":{"0":0,"1":0,"2":0,"3":0,"4":0,"5":0,"6":0,"7":0},"f":{"0":0},"b":{}}
,"/home/khalipa/Desktop/PLP_MERN/week6/week-6-test-debug-assignment-Khalipa-B/server/controllers/bugController.js": {"path":"/home/khalipa/Desktop/PLP_MERN/week6/week-6-test-debug-assignment-Khalipa-B/server/controllers/bugController.js","statementMap":{"0":{"start":{"line":1,"column":12},"end":{"line":1,"column":36}},"1":{"start":{"line":2,"column":56},"end":{"line":2,"column":86}},"2":{"start":{"line":5,"column":19},"end":{"line":47,"column":1}},"3":{"start":{"line":6,"column":2},"end":{"line":46,"column":3}},"4":{"start":{"line":7,"column":93},"end":{"line":7,"column":102}},"5":{"start":{"line":10,"column":19},"end":{"line":10,"column":21}},"6":{"start":{"line":11,"column":4},"end":{"line":11,"column":39}},"7":{"start":{"line":11,"column":16},"end":{"line":11,"column":39}},"8":{"start":{"line":12,"column":4},"end":{"line":12,"column":45}},"9":{"start":{"line":12,"column":18},"end":{"line":12,"column":45}},"10":{"start":{"line":15,"column":17},"end":{"line":15,"column":19}},"11":{"start":{"line":16,"column":4},"end":{"line":16,"column":44}},"12":{"start":{"line":19,"column":17},"end":{"line":19,"column":55}},"13":{"start":{"line":21,"column":17},"end":{"line":24,"column":29}},"14":{"start":{"line":26,"column":18},"end":{"line":26,"column":50}},"15":{"start":{"line":28,"column":4},"end":{"line":38,"column":7}},"16":{"start":{"line":40,"column":4},"end":{"line":40,"column":49}},"17":{"start":{"line":41,"column":4},"end":{"line":45,"column":7}},"18":{"start":{"line":50,"column":19},"end":{"line":82,"column":1}},"19":{"start":{"line":51,"column":2},"end":{"line":81,"column":3}},"20":{"start":{"line":52,"column":19},"end":{"line":52,"column":29}},"21":{"start":{"line":54,"column":4},"end":{"line":59,"column":5}},"22":{"start":{"line":55,"column":6},"end":{"line":58,"column":9}},"23":{"start":{"line":61,"column":16},"end":{"line":61,"column":38}},"24":{"start":{"line":63,"column":4},"end":{"line":68,"column":5}},"25":{"start":{"line":64,"column":6},"end":{"line":67,"column":9}},"26":{"start":{"line":70,"column":4},"end":{"line":73,"column":7}},"27":{"start":{"line":75,"column":4},"end":{"line":75,"column":48}},"28":{"start":{"line":76,"column":4},"end":{"line":80,"column":7}},"29":{"start":{"line":85,"column":18},"end":{"line":139,"column":1}},"30":{"start":{"line":86,"column":2},"end":{"line":138,"column":3}},"31":{"start":{"line":88,"column":26},"end":{"line":95,"column":5}},"32":{"start":{"line":98,"column":29},"end":{"line":98,"column":55}},"33":{"start":{"line":100,"column":4},"end":{"line":109,"column":5}},"34":{"start":{"line":101,"column":6},"end":{"line":108,"column":9}},"35":{"start":{"line":104,"column":45},"end":{"line":107,"column":9}},"36":{"start":{"line":111,"column":16},"end":{"line":111,"column":30}},"37":{"start":{"line":112,"column":21},"end":{"line":112,"column":37}},"38":{"start":{"line":114,"column":4},"end":{"line":118,"column":7}},"39":{"start":{"line":120,"column":4},"end":{"line":120,"column":48}},"40":{"start":{"line":122,"column":4},"end":{"line":131,"column":5}},"41":{"start":{"line":123,"column":6},"end":{"line":130,"column":9}},"42":{"start":{"line":126,"column":54},"end":{"line":129,"column":9}},"43":{"start":{"line":133,"column":4},"end":{"line":137,"column":7}},"44":{"start":{"line":142,"column":18},"end":{"line":215,"column":1}},"45":{"start":{"line":143,"column":2},"end":{"line":214,"column":3}},"46":{"start":{"line":144,"column":19},"end":{"line":144,"column":29}},"47":{"start":{"line":146,"column":4},"end":{"line":151,"column":5}},"48":{"start":{"line":147,"column":6},"end":{"line":150,"column":9}},"49":{"start":{"line":154,"column":26},"end":{"line":161,"column":5}},"50":{"start":{"line":164,"column":29},"end":{"line":164,"column":55}},"51":{"start":{"line":166,"column":4},"end":{"line":175,"column":5}},"52":{"start":{"line":167,"column":6},"end":{"line":174,"column":9}},"53":{"start":{"line":170,"column":45},"end":{"line":173,"column":9}},"54":{"start":{"line":177,"column":23},"end":{"line":181,"column":5}},"55":{"start":{"line":183,"column":4},"end":{"line":188,"column":5}},"56":{"start":{"line":184,"column":6},"end":{"line":187,"column":9}},"57":{"start":{"line":190,"column":4},"end":{"line":194,"column":7}},"58":{"start":{"line":196,"column":4},"end":{"line":196,"column":48}},"59":{"start":{"line":198,"column":4},"end":{"line":207,"column":5}},"60":{"start":{"line":199,"column":6},"end":{"line":206,"column":9}},"61":{"start":{"line":202,"column":54},"end":{"line":205,"column":9}},"62":{"start":{"line":209,"column":4},"end":{"line":213,"column":7}},"63":{"start":{"line":218,"column":18},"end":{"line":251,"column":1}},"64":{"start":{"line":219,"column":2},"end":{"line":250,"column":3}},"65":{"start":{"line":220,"column":19},"end":{"line":220,"column":29}},"66":{"start":{"line":222,"column":4},"end":{"line":227,"column":5}},"67":{"start":{"line":223,"column":6},"end":{"line":226,"column":9}},"68":{"start":{"line":229,"column":23},"end":{"line":229,"column":54}},"69":{"start":{"line":231,"column":4},"end":{"line":236,"column":5}},"70":{"start":{"line":232,"column":6},"end":{"line":235,"column":9}},"71":{"start":{"line":238,"column":4},"end":{"line":242,"column":7}},"72":{"start":{"line":244,"column":4},"end":{"line":244,"column":48}},"73":{"start":{"line":245,"column":4},"end":{"line":249,"column":7}},"74":{"start":{"line":254,"column":20},"end":{"line":303,"column":1}},"75":{"start":{"line":255,"column":2},"end":{"line":302,"column":3}},"76":{"start":{"line":256,"column":18},"end":{"line":278,"column":6}},"77":{"start":{"line":280,"column":19},"end":{"line":287,"column":5}},"78":{"start":{"line":289,"column":4},"end":{"line":289,"column":22}},"79":{"start":{"line":291,"column":4},"end":{"line":294,"column":7}},"80":{"start":{"line":296,"column":4},"end":{"line":296,"column":59}},"81":{"start":{"line":297,"column":4},"end":{"line":301,"column":7}},"82":{"start":{"line":305,"column":0},"end":{"line":312,"column":2}}},"fnMap":{"0":{"name":"(anonymous_0)","decl":{"start":{"line":5,"column":19},"end":{"line":5,"column":20}},"loc":{"start":{"line":5,"column":39},"end":{"line":47,"column":1}},"line":5},"1":{"name":"(anonymous_1)","decl":{"start":{"line":50,"column":19},"end":{"line":50,"column":20}},"loc":{"start":{"line":50,"column":39},"end":{"line":82,"column":1}},"line":50},"2":{"name":"(anonymous_2)","decl":{"start":{"line":85,"column":18},"end":{"line":85,"column":19}},"loc":{"start":{"line":85,"column":38},"end":{"line":139,"column":1}},"line":85},"3":{"name":"(anonymous_3)","decl":{"start":{"line":104,"column":34},"end":{"line":104,"column":35}},"loc":{"start":{"line":104,"column":45},"end":{"line":107,"column":9}},"line":104},"4":{"name":"(anonymous_4)","decl":{"start":{"line":126,"column":46},"end":{"line":126,"column":47}},"loc":{"start":{"line":126,"column":54},"end":{"line":129,"column":9}},"line":126},"5":{"name":"(anonymous_5)","decl":{"start":{"line":142,"column":18},"end":{"line":142,"column":19}},"loc":{"start":{"line":142,"column":38},"end":{"line":215,"column":1}},"line":142},"6":{"name":"(anonymous_6)","decl":{"start":{"line":170,"column":34},"end":{"line":170,"column":35}},"loc":{"start":{"line":170,"column":45},"end":{"line":173,"column":9}},"line":170},"7":{"name":"(anonymous_7)","decl":{"start":{"line":202,"column":46},"end":{"line":202,"column":47}},"loc":{"start":{"line":202,"column":54},"end":{"line":205,"column":9}},"line":202},"8":{"name":"(anonymous_8)","decl":{"start":{"line":218,"column":18},"end":{"line":218,"column":19}},"loc":{"start":{"line":218,"column":38},"end":{"line":251,"column":1}},"line":218},"9":{"name":"(anonymous_9)","decl":{"start":{"line":254,"column":20},"end":{"line":254,"column":21}},"loc":{"start":{"line":254,"column":40},"end":{"line":303,"column":1}},"line":254}},"branchMap":{"0":{"loc":{"start":{"line":7,"column":30},"end":{"line":7,"column":38}},"type":"default-arg","locations":[{"start":{"line":7,"column":37},"end":{"line":7,"column":38}}],"line":7},"1":{"loc":{"start":{"line":7,"column":40},"end":{"line":7,"column":50}},"type":"default-arg","locations":[{"start":{"line":7,"column":48},"end":{"line":7,"column":50}}],"line":7},"2":{"loc":{"start":{"line":7,"column":52},"end":{"line":7,"column":72}},"type":"default-arg","locations":[{"start":{"line":7,"column":61},"end":{"line":7,"column":72}}],"line":7},"3":{"loc":{"start":{"line":7,"column":74},"end":{"line":7,"column":88}},"type":"default-arg","locations":[{"start":{"line":7,"column":82},"end":{"line":7,"column":88}}],"line":7},"4":{"loc":{"start":{"line":11,"column":4},"end":{"line":11,"column":39}},"type":"if","locations":[{"start":{"line":11,"column":4},"end":{"line":11,"column":39}},{"start":{},"end":{}}],"line":11},"5":{"loc":{"start":{"line":12,"column":4},"end":{"line":12,"column":45}},"type":"if","locations":[{"start":{"line":12,"column":4},"end":{"line":12,"column":45}},{"start":{},"end":{}}],"line":12},"6":{"loc":{"start":{"line":16,"column":19},"end":{"line":16,"column":43}},"type":"cond-expr","locations":[{"start":{"line":16,"column":37},"end":{"line":16,"column":38}},{"start":{"line":16,"column":41},"end":{"line":16,"column":43}}],"line":16},"7":{"loc":{"start":{"line":44,"column":13},"end":{"line":44,"column":79}},"type":"cond-expr","locations":[{"start":{"line":44,"column":54},"end":{"line":44,"column":67}},{"start":{"line":44,"column":70},"end":{"line":44,"column":79}}],"line":44},"8":{"loc":{"start":{"line":54,"column":4},"end":{"line":59,"column":5}},"type":"if","locations":[{"start":{"line":54,"column":4},"end":{"line":59,"column":5}},{"start":{},"end":{}}],"line":54},"9":{"loc":{"start":{"line":63,"column":4},"end":{"line":68,"column":5}},"type":"if","locations":[{"start":{"line":63,"column":4},"end":{"line":68,"column":5}},{"start":{},"end":{}}],"line":63},"10":{"loc":{"start":{"line":79,"column":13},"end":{"line":79,"column":79}},"type":"cond-expr","locations":[{"start":{"line":79,"column":54},"end":{"line":79,"column":67}},{"start":{"line":79,"column":70},"end":{"line":79,"column":79}}],"line":79},"11":{"loc":{"start":{"line":100,"column":4},"end":{"line":109,"column":5}},"type":"if","locations":[{"start":{"line":100,"column":4},"end":{"line":109,"column":5}},{"start":{},"end":{}}],"line":100},"12":{"loc":{"start":{"line":122,"column":4},"end":{"line":131,"column":5}},"type":"if","locations":[{"start":{"line":122,"column":4},"end":{"line":131,"column":5}},{"start":{},"end":{}}],"line":122},"13":{"loc":{"start":{"line":136,"column":13},"end":{"line":136,"column":79}},"type":"cond-expr","locations":[{"start":{"line":136,"column":54},"end":{"line":136,"column":67}},{"start":{"line":136,"column":70},"end":{"line":136,"column":79}}],"line":136},"14":{"loc":{"start":{"line":146,"column":4},"end":{"line":151,"column":5}},"type":"if","locations":[{"start":{"line":146,"column":4},"end":{"line":151,"column":5}},{"start":{},"end":{}}],"line":146},"15":{"loc":{"start":{"line":166,"column":4},"end":{"line":175,"column":5}},"type":"if","locations":[{"start":{"line":166,"column":4},"end":{"line":175,"column":5}},{"start":{},"end":{}}],"line":166},"16":{"loc":{"start":{"line":183,"column":4},"end":{"line":188,"column":5}},"type":"if","locations":[{"start":{"line":183,"column":4},"end":{"line":188,"column":5}},{"start":{},"end":{}}],"line":183},"17":{"loc":{"start":{"line":198,"column":4},"end":{"line":207,"column":5}},"type":"if","locations":[{"start":{"line":198,"column":4},"end":{"line":207,"column":5}},{"start":{},"end":{}}],"line":198},"18":{"loc":{"start":{"line":212,"column":13},"end":{"line":212,"column":79}},"type":"cond-expr","locations":[{"start":{"line":212,"column":54},"end":{"line":212,"column":67}},{"start":{"line":212,"column":70},"end":{"line":212,"column":79}}],"line":212},"19":{"loc":{"start":{"line":222,"column":4},"end":{"line":227,"column":5}},"type":"if","locations":[{"start":{"line":222,"column":4},"end":{"line":227,"column":5}},{"start":{},"end":{}}],"line":222},"20":{"loc":{"start":{"line":231,"column":4},"end":{"line":236,"column":5}},"type":"if","locations":[{"start":{"line":231,"column":4},"end":{"line":236,"column":5}},{"start":{},"end":{}}],"line":231},"21":{"loc":{"start":{"line":248,"column":13},"end":{"line":248,"column":79}},"type":"cond-expr","locations":[{"start":{"line":248,"column":54},"end":{"line":248,"column":67}},{"start":{"line":248,"column":70},"end":{"line":248,"column":79}}],"line":248},"22":{"loc":{"start":{"line":280,"column":19},"end":{"line":287,"column":5}},"type":"binary-expr","locations":[{"start":{"line":280,"column":19},"end":{"line":280,"column":27}},{"start":{"line":280,"column":31},"end":{"line":287,"column":5}}],"line":280},"23":{"loc":{"start":{"line":300,"column":13},"end":{"line":300,"column":79}},"type":"cond-expr","locations":[{"start":{"line":300,"column":54},"end":{"line":300,"column":67}},{"start":{"line":300,"column":70},"end":{"line":300,"column":79}}],"line":300}},"s":{"0":1,"1":1,"2":1,"3":0,"4":0,"5":0,"6":0,"7":0,"8":0,"9":0,"10":0,"11":0,"12":0,"13":0,"14":0,"15":0,"16":0,"17":0,"18":1,"19":0,"20":0,"21":0,"22":0,"23":0,"24":0,"25":0,"26":0,"27":0,"28":0,"29":1,"30":0,"31":0,"32":0,"33":0,"34":0,"35":0,"36":0,"37":0,"38":0,"39":0,"40":0,"41":0,"42":0,"43":0,"44":1,"45":0,"46":0,"47":0,"48":0,"49":0,"50":0,"51":0,"52":0,"53":0,"54":0,"55":0,"56":0,"57":0,"58":0,"59":0,"60":0,"61":0,"62":0,"63":1,"64":0,"65":0,"66":0,"67":0,"68":0,"69":0,"70":0,"71":0,"72":0,"73":0,"74":1,"75":0,"76":0,"77":0,"78":0,"79":0,"80":0,"81":0,"82":1},"f":{"0":0,"1":0,"2":0,"3":0,"4":0,"5":0,"6":0,"7":0,"8":0,"9":0},"b":{"0":[0],"1":[0],"2":[0],"3":[0],"4":[0,0],"5":[0,0],"6":[0,0],"7":[0,0],"8":[0,0],"9":[0,0],"10":[0,0],"11":[0,0],"12":[0,0],"13":[0,0],"14":[0,0],"15":[0,0],"16":[0,0],"17":[0,0],"18":[0,0],"19":[0,0],"20":[0,0],"21":[0,0],"22":[0,0],"23":[0,0]},"_coverageSchema":"1a1c01bbd47fc00a2c39e90264f33305004495a9","hash":"f087ac84863e59a9ef986bdc5a58a7c9e6000697"}
,"/home/khalipa/Desktop/PLP_MERN/week6/week-6-test-debug-assignment-Khalipa-B/server/middleware/errorHandler.js": {"path":"/home/khalipa/Desktop/PLP_MERN/week6/week-6-test-debug-assignment-Khalipa-B/server/middleware/errorHandler.js","statementMap":{"0":{"start":{"line":1,"column":21},"end":{"line":61,"column":1}},"1":{"start":{"line":2,"column":2},"end":{"line":8,"column":5}},"2":{"start":{"line":11,"column":2},"end":{"line":22,"column":3}},"3":{"start":{"line":12,"column":19},"end":{"line":15,"column":7}},"4":{"start":{"line":12,"column":55},"end":{"line":15,"column":5}},"5":{"start":{"line":17,"column":4},"end":{"line":21,"column":7}},"6":{"start":{"line":25,"column":2},"end":{"line":30,"column":3}},"7":{"start":{"line":26,"column":4},"end":{"line":29,"column":7}},"8":{"start":{"line":33,"column":2},"end":{"line":38,"column":3}},"9":{"start":{"line":34,"column":4},"end":{"line":37,"column":7}},"10":{"start":{"line":41,"column":2},"end":{"line":46,"column":3}},"11":{"start":{"line":42,"column":4},"end":{"line":45,"column":7}},"12":{"start":{"line":48,"column":2},"end":{"line":53,"column":3}},"13":{"start":{"line":49,"column":4},"end":{"line":52,"column":7}},"14":{"start":{"line":56,"column":2},"end":{"line":60,"column":5}},"15":{"start":{"line":63,"column":0},"end":{"line":63,"column":30}}},"fnMap":{"0":{"name":"(anonymous_0)","decl":{"start":{"line":1,"column":21},"end":{"line":1,"column":22}},"loc":{"start":{"line":1,"column":46},"end":{"line":61,"column":1}},"line":1},"1":{"name":"(anonymous_1)","decl":{"start":{"line":12,"column":47},"end":{"line":12,"column":48}},"loc":{"start":{"line":12,"column":55},"end":{"line":15,"column":5}},"line":12}},"branchMap":{"0":{"loc":{"start":{"line":11,"column":2},"end":{"line":22,"column":3}},"type":"if","locations":[{"start":{"line":11,"column":2},"end":{"line":22,"column":3}},{"start":{},"end":{}}],"line":11},"1":{"loc":{"start":{"line":25,"column":2},"end":{"line":30,"column":3}},"type":"if","locations":[{"start":{"line":25,"column":2},"end":{"line":30,"column":3}},{"start":{},"end":{}}],"line":25},"2":{"loc":{"start":{"line":33,"column":2},"end":{"line":38,"column":3}},"type":"if","locations":[{"start":{"line":33,"column":2},"end":{"line":38,"column":3}},{"start":{},"end":{}}],"line":33},"3":{"loc":{"start":{"line":41,"column":2},"end":{"line":46,"column":3}},"type":"if","locations":[{"start":{"line":41,"column":2},"end":{"line":46,"column":3}},{"start":{},"end":{}}],"line":41},"4":{"loc":{"start":{"line":48,"column":2},"end":{"line":53,"column":3}},"type":"if","locations":[{"start":{"line":48,"column":2},"end":{"line":53,"column":3}},{"start":{},"end":{}}],"line":48},"5":{"loc":{"start":{"line":56,"column":13},"end":{"line":56,"column":34}},"type":"binary-expr","locations":[{"start":{"line":56,"column":13},"end":{"line":56,"column":27}},{"start":{"line":56,"column":31},"end":{"line":56,"column":34}}],"line":56},"6":{"loc":{"start":{"line":58,"column":13},"end":{"line":58,"column":51}},"type":"binary-expr","locations":[{"start":{"line":58,"column":13},"end":{"line":58,"column":24}},{"start":{"line":58,"column":28},"end":{"line":58,"column":51}}],"line":58},"7":{"loc":{"start":{"line":59,"column":11},"end":{"line":59,"column":73}},"type":"cond-expr","locations":[{"start":{"line":59,"column":52},"end":{"line":59,"column":61}},{"start":{"line":59,"column":64},"end":{"line":59,"column":73}}],"line":59}},"s":{"0":1,"1":0,"2":0,"3":0,"4":0,"5":0,"6":0,"7":0,"8":0,"9":0,"10":0,"11":0,"12":0,"13":0,"14":0,"15":1},"f":{"0":0,"1":0},"b":{"0":[0,0],"1":[0,0],"2":[0,0],"3":[0,0],"4":[0,0],"5":[0,0],"6":[0,0],"7":[0,0]},"_coverageSchema":"1a1c01bbd47fc00a2c39e90264f33305004495a9","hash":"10b6323618bc49e1842aaaec8612305d798564d8"}
,"/home/khalipa/Desktop/PLP_MERN/week6/week-6-test-debug-assignment-Khalipa-B/server/middleware/logger.js": {"path":"/home/khalipa/Desktop/PLP_MERN/week6/week-6-test-debug-assignment-Khalipa-B/server/middleware/logger.js","statementMap":{"0":{"start":{"line":1,"column":15},"end":{"line":14,"column":1}},"1":{"start":{"line":2,"column":16},"end":{"line":2,"column":26}},"2":{"start":{"line":5,"column":2},"end":{"line":5,"column":88}},"3":{"start":{"line":8,"column":2},"end":{"line":11,"column":5}},"4":{"start":{"line":9,"column":21},"end":{"line":9,"column":39}},"5":{"start":{"line":10,"column":4},"end":{"line":10,"column":110}},"6":{"start":{"line":13,"column":2},"end":{"line":13,"column":9}},"7":{"start":{"line":16,"column":0},"end":{"line":16,"column":24}}},"fnMap":{"0":{"name":"(anonymous_0)","decl":{"start":{"line":1,"column":15},"end":{"line":1,"column":16}},"loc":{"start":{"line":1,"column":35},"end":{"line":14,"column":1}},"line":1},"1":{"name":"(anonymous_1)","decl":{"start":{"line":8,"column":19},"end":{"line":8,"column":20}},"loc":{"start":{"line":8,"column":25},"end":{"line":11,"column":3}},"line":8}},"branchMap":{},"s":{"0":1,"1":0,"2":0,"3":0,"4":0,"5":0,"6":0,"7":1},"f":{"0":0,"1":0},"b":{},"_coverageSchema":"1a1c01bbd47fc00a2c39e90264f33305004495a9","hash":"a18562a40f85a948d739c568cf2dc0153b9a347c"}
,"/home/khalipa/Desktop/PLP_MERN/week6/week-6-test-debug-assignment-Khalipa-B/server/models/Bug.js": {"path":"/home/khalipa/Desktop/PLP_MERN/week6/week-6-test-debug-assignment-Khalipa-B/server/models/Bug.js","statementMap":{"0":{"start":{"line":1,"column":17},"end":{"line":1,"column":36}},"1":{"start":{"line":3,"column":18},"end":{"line":45,"column":2}},"2":{"start":{"line":48,"column":0},"end":{"line":51,"column":3}},"3":{"start":{"line":49,"column":2},"end":{"line":49,"column":30}},"4":{"start":{"line":50,"column":2},"end":{"line":50,"column":9}},"5":{"start":{"line":54,"column":0},"end":{"line":57,"column":3}},"6":{"start":{"line":55,"column":2},"end":{"line":55,"column":38}},"7":{"start":{"line":56,"column":2},"end":{"line":56,"column":9}},"8":{"start":{"line":59,"column":0},"end":{"line":59,"column":50}}},"fnMap":{"0":{"name":"(anonymous_0)","decl":{"start":{"line":48,"column":22},"end":{"line":48,"column":23}},"loc":{"start":{"line":48,"column":37},"end":{"line":51,"column":1}},"line":48},"1":{"name":"(anonymous_1)","decl":{"start":{"line":54,"column":34},"end":{"line":54,"column":35}},"loc":{"start":{"line":54,"column":49},"end":{"line":57,"column":1}},"line":54}},"branchMap":{},"s":{"0":2,"1":2,"2":2,"3":0,"4":0,"5":2,"6":0,"7":0,"8":2},"f":{"0":0,"1":0},"b":{},"_coverageSchema":"1a1c01bbd47fc00a2c39e90264f33305004495a9","hash":"3a20faf1e8aad80337041c2ad30a6e19800a1229"}
,"/home/khalipa/Desktop/PLP_MERN/week6/week-6-test-debug-assignment-Khalipa-B/server/routes/bugRoutes.js": {"path":"/home/khalipa/Desktop/PLP_MERN/week6/week-6-test-debug-assignment-Khalipa-B/server/routes/bugRoutes.js","statementMap":{"0":{"start":{"line":1,"column":16},"end":{"line":1,"column":34}},"1":{"start":{"line":9,"column":4},"end":{"line":9,"column":43}},"2":{"start":{"line":11,"column":15},"end":{"line":11,"column":31}},"3":{"start":{"line":14,"column":0},"end":{"line":14,"column":34}},"4":{"start":{"line":17,"column":0},"end":{"line":17,"column":28}},"5":{"start":{"line":20,"column":0},"end":{"line":20,"column":31}},"6":{"start":{"line":23,"column":0},"end":{"line":23,"column":28}},"7":{"start":{"line":26,"column":0},"end":{"line":26,"column":30}},"8":{"start":{"line":29,"column":0},"end":{"line":29,"column":33}},"9":{"start":{"line":31,"column":0},"end":{"line":31,"column":24}}},"fnMap":{},"branchMap":{},"s":{"0":1,"1":1,"2":1,"3":1,"4":1,"5":1,"6":1,"7":1,"8":1,"9":1},"f":{},"b":{},"_coverageSchema":"1a1c01bbd47fc00a2c39e90264f33305004495a9","hash":"387db7adc84894b715f0dbef4be37da3cd0c3f92"}
,"/home/khalipa/Desktop/PLP_MERN/week6/week-6-test-debug-assignment-Khalipa-B/server/src/app.js": {"path":"/home/khalipa/Desktop/PLP_MERN/week6/week-6-test-debug-assignment-Khalipa-B/server/src/app.js","statementMap":{"0":{"start":{"line":1,"column":16},"end":{"line":1,"column":34}},"1":{"start":{"line":2,"column":18},"end":{"line":2,"column":48}},"2":{"start":{"line":3,"column":25},"end":{"line":3,"column":65}},"3":{"start":{"line":5,"column":12},"end":{"line":5,"column":21}},"4":{"start":{"line":6,"column":0},"end":{"line":6,"column":24}},"5":{"start":{"line":7,"column":0},"end":{"line":7,"column":32}},"6":{"start":{"line":8,"column":0},"end":{"line":8,"column":22}},"7":{"start":{"line":10,"column":0},"end":{"line":10,"column":21}}},"fnMap":{},"branchMap":{},"s":{"0":0,"1":0,"2":0,"3":0,"4":0,"5":0,"6":0,"7":0},"f":{},"b":{}}
,"/home/khalipa/Desktop/PLP_MERN/week6/week-6-test-debug-assignment-Khalipa-B/server/src/middleware/errorMiddleware.js": {"path":"/home/khalipa/Desktop/PLP_MERN/week6/week-6-test-debug-assignment-Khalipa-B/server/src/middleware/errorMiddleware.js","statementMap":{"0":{"start":{"line":1,"column":21},"end":{"line":7,"column":1}},"1":{"start":{"line":2,"column":21},"end":{"line":2,"column":58}},"2":{"start":{"line":3,"column":2},"end":{"line":6,"column":5}},"3":{"start":{"line":9,"column":0},"end":{"line":9,"column":30}}},"fnMap":{"0":{"name":"(anonymous_0)","decl":{"start":{"line":1,"column":21},"end":{"line":1,"column":22}},"loc":{"start":{"line":1,"column":46},"end":{"line":7,"column":1}},"line":1}},"branchMap":{"0":{"loc":{"start":{"line":2,"column":21},"end":{"line":2,"column":58}},"type":"cond-expr","locations":[{"start":{"line":2,"column":38},"end":{"line":2,"column":52}},{"start":{"line":2,"column":55},"end":{"line":2,"column":58}}],"line":2},"1":{"loc":{"start":{"line":5,"column":11},"end":{"line":5,"column":67}},"type":"cond-expr","locations":[{"start":{"line":5,"column":51},"end":{"line":5,"column":55}},{"start":{"line":5,"column":58},"end":{"line":5,"column":67}}],"line":5}},"s":{"0":0,"1":0,"2":0,"3":0},"f":{"0":0},"b":{"0":[0,0],"1":[0,0]}}
,"/home/khalipa/Desktop/PLP_MERN/week6/week-6-test-debug-assignment-Khalipa-B/server/tests/setup.js": {"path":"/home/khalipa/Desktop/PLP_MERN/week6/week-6-test-debug-assignment-Khalipa-B/server/tests/setup.js","statementMap":{"0":{"start":{"line":1,"column":30},"end":{"line":1,"column":62}},"1":{"start":{"line":2,"column":17},"end":{"line":2,"column":36}},"2":{"start":{"line":6,"column":0},"end":{"line":14,"column":3}},"3":{"start":{"line":7,"column":2},"end":{"line":7,"column":49}},"4":{"start":{"line":8,"column":19},"end":{"line":8,"column":39}},"5":{"start":{"line":10,"column":2},"end":{"line":13,"column":5}},"6":{"start":{"line":16,"column":0},"end":{"line":19,"column":3}},"7":{"start":{"line":17,"column":2},"end":{"line":17,"column":30}},"8":{"start":{"line":18,"column":2},"end":{"line":18,"column":27}},"9":{"start":{"line":21,"column":0},"end":{"line":28,"column":3}},"10":{"start":{"line":22,"column":22},"end":{"line":22,"column":53}},"11":{"start":{"line":24,"column":2},"end":{"line":27,"column":3}},"12":{"start":{"line":25,"column":23},"end":{"line":25,"column":39}},"13":{"start":{"line":26,"column":4},"end":{"line":26,"column":36}}},"fnMap":{"0":{"name":"(anonymous_0)","decl":{"start":{"line":6,"column":10},"end":{"line":6,"column":11}},"loc":{"start":{"line":6,"column":22},"end":{"line":14,"column":1}},"line":6},"1":{"name":"(anonymous_1)","decl":{"start":{"line":16,"column":9},"end":{"line":16,"column":10}},"loc":{"start":{"line":16,"column":21},"end":{"line":19,"column":1}},"line":16},"2":{"name":"(anonymous_2)","decl":{"start":{"line":21,"column":10},"end":{"line":21,"column":11}},"loc":{"start":{"line":21,"column":22},"end":{"line":28,"column":1}},"line":21}},"branchMap":{},"s":{"0":0,"1":0,"2":0,"3":0,"4":0,"5":0,"6":0,"7":0,"8":0,"9":0,"10":0,"11":0,"12":0,"13":0},"f":{"0":0,"1":0,"2":0},"b":{}}
,"/home/khalipa/Desktop/PLP_MERN/week6/week-6-test-debug-assignment-Khalipa-B/server/utils/debugger.js": {"path":"/home/khalipa/Desktop/PLP_MERN/week6/week-6-test-debug-assignment-Khalipa-B/server/utils/debugger.js","statementMap":{"0":{"start":{"line":1,"column":14},"end":{"line":1,"column":30}},"1":{"start":{"line":4,"column":16},"end":{"line":4,"column":31}},"2":{"start":{"line":5,"column":17},"end":{"line":5,"column":33}},"3":{"start":{"line":6,"column":19},"end":{"line":6,"column":37}},"4":{"start":{"line":10,"column":18},"end":{"line":10,"column":28}},"5":{"start":{"line":12,"column":4},"end":{"line":17,"column":7}},"6":{"start":{"line":19,"column":4},"end":{"line":22,"column":7}},"7":{"start":{"line":20,"column":23},"end":{"line":20,"column":41}},"8":{"start":{"line":21,"column":6},"end":{"line":21,"column":83}},"9":{"start":{"line":24,"column":4},"end":{"line":24,"column":11}},"10":{"start":{"line":28,"column":4},"end":{"line":28,"column":57}},"11":{"start":{"line":32,"column":4},"end":{"line":36,"column":7}},"12":{"start":{"line":40,"column":4},"end":{"line":52,"column":6}},"13":{"start":{"line":41,"column":20},"end":{"line":41,"column":30}},"14":{"start":{"line":42,"column":6},"end":{"line":51,"column":7}},"15":{"start":{"line":43,"column":23},"end":{"line":43,"column":40}},"16":{"start":{"line":44,"column":25},"end":{"line":44,"column":43}},"17":{"start":{"line":45,"column":8},"end":{"line":45,"column":60}},"18":{"start":{"line":46,"column":8},"end":{"line":46,"column":22}},"19":{"start":{"line":48,"column":25},"end":{"line":48,"column":43}},"20":{"start":{"line":49,"column":8},"end":{"line":49,"column":78}},"21":{"start":{"line":50,"column":8},"end":{"line":50,"column":20}},"22":{"start":{"line":56,"column":18},"end":{"line":56,"column":39}},"23":{"start":{"line":57,"column":4},"end":{"line":62,"column":7}},"24":{"start":{"line":66,"column":0},"end":{"line":66,"column":26}}},"fnMap":{"0":{"name":"(anonymous_0)","decl":{"start":{"line":9,"column":2},"end":{"line":9,"column":3}},"loc":{"start":{"line":9,"column":36},"end":{"line":25,"column":3}},"line":9},"1":{"name":"(anonymous_1)","decl":{"start":{"line":19,"column":21},"end":{"line":19,"column":22}},"loc":{"start":{"line":19,"column":27},"end":{"line":22,"column":5}},"line":19},"2":{"name":"(anonymous_2)","decl":{"start":{"line":27,"column":2},"end":{"line":27,"column":3}},"loc":{"start":{"line":27,"column":56},"end":{"line":29,"column":3}},"line":27},"3":{"name":"(anonymous_3)","decl":{"start":{"line":31,"column":2},"end":{"line":31,"column":3}},"loc":{"start":{"line":31,"column":39},"end":{"line":37,"column":3}},"line":31},"4":{"name":"(anonymous_4)","decl":{"start":{"line":39,"column":2},"end":{"line":39,"column":3}},"loc":{"start":{"line":39,"column":35},"end":{"line":53,"column":3}},"line":39},"5":{"name":"(anonymous_5)","decl":{"start":{"line":40,"column":11},"end":{"line":40,"column":12}},"loc":{"start":{"line":40,"column":30},"end":{"line":52,"column":5}},"line":40},"6":{"name":"(anonymous_6)","decl":{"start":{"line":55,"column":2},"end":{"line":55,"column":3}},"loc":{"start":{"line":55,"column":32},"end":{"line":63,"column":3}},"line":55}},"branchMap":{"0":{"loc":{"start":{"line":27,"column":44},"end":{"line":27,"column":54}},"type":"default-arg","locations":[{"start":{"line":27,"column":52},"end":{"line":27,"column":54}}],"line":27},"1":{"loc":{"start":{"line":31,"column":25},"end":{"line":31,"column":37}},"type":"default-arg","locations":[{"start":{"line":31,"column":35},"end":{"line":31,"column":37}}],"line":31},"2":{"loc":{"start":{"line":32,"column":29},"end":{"line":32,"column":58}},"type":"binary-expr","locations":[{"start":{"line":32,"column":29},"end":{"line":32,"column":45}},{"start":{"line":32,"column":49},"end":{"line":32,"column":58}}],"line":32}},"s":{"0":0,"1":0,"2":0,"3":0,"4":0,"5":0,"6":0,"7":0,"8":0,"9":0,"10":0,"11":0,"12":0,"13":0,"14":0,"15":0,"16":0,"17":0,"18":0,"19":0,"20":0,"21":0,"22":0,"23":0,"24":0},"f":{"0":0,"1":0,"2":0,"3":0,"4":0,"5":0,"6":0},"b":{"0":[0],"1":[0],"2":[0,0]}}
,"/home/khalipa/Desktop/PLP_MERN/week6/week-6-test-debug-assignment-Khalipa-B/server/utils/validation.js": {"path":"/home/khalipa/Desktop/PLP_MERN/week6/week-6-test-debug-assignment-Khalipa-B/server/utils/validation.js","statementMap":{"0":{"start":{"line":1,"column":12},"end":{"line":1,"column":26}},"1":{"start":{"line":3,"column":28},"end":{"line":52,"column":2}},"2":{"start":{"line":54,"column":20},"end":{"line":56,"column":1}},"3":{"start":{"line":55,"column":2},"end":{"line":55,"column":70}},"4":{"start":{"line":58,"column":22},"end":{"line":66,"column":1}},"5":{"start":{"line":59,"column":2},"end":{"line":59,"column":46}},"6":{"start":{"line":59,"column":33},"end":{"line":59,"column":46}},"7":{"start":{"line":62,"column":2},"end":{"line":65,"column":12}},"8":{"start":{"line":68,"column":24},"end":{"line":70,"column":1}},"9":{"start":{"line":69,"column":2},"end":{"line":69,"column":38}},"10":{"start":{"line":72,"column":0},"end":{"line":76,"column":2}}},"fnMap":{"0":{"name":"(anonymous_0)","decl":{"start":{"line":54,"column":20},"end":{"line":54,"column":21}},"loc":{"start":{"line":54,"column":33},"end":{"line":56,"column":1}},"line":54},"1":{"name":"(anonymous_1)","decl":{"start":{"line":58,"column":22},"end":{"line":58,"column":23}},"loc":{"start":{"line":58,"column":33},"end":{"line":66,"column":1}},"line":58},"2":{"name":"(anonymous_2)","decl":{"start":{"line":68,"column":24},"end":{"line":68,"column":25}},"loc":{"start":{"line":68,"column":32},"end":{"line":70,"column":1}},"line":68}},"branchMap":{"0":{"loc":{"start":{"line":59,"column":2},"end":{"line":59,"column":46}},"type":"if","locations":[{"start":{"line":59,"column":2},"end":{"line":59,"column":46}},{"start":{},"end":{}}],"line":59}},"s":{"0":2,"1":2,"2":2,"3":0,"4":2,"5":0,"6":0,"7":0,"8":2,"9":0,"10":2},"f":{"0":0,"1":0,"2":0},"b":{"0":[0,0]},"_coverageSchema":"1a1c01bbd47fc00a2c39e90264f33305004495a9","hash":"66025a0cca36e16844d224871979ca630540b83f"}
}
